\BOOKMARK [0][-]{chapter.1}{Introduction}{}% 1
\BOOKMARK [1][-]{section.1.1}{Motivation}{chapter.1}% 2
\BOOKMARK [1][-]{section.1.2}{Goal of the thesis}{chapter.1}% 3
\BOOKMARK [0][-]{chapter.2}{Background}{}% 4
\BOOKMARK [1][-]{section.2.1}{NAT}{chapter.2}% 5
\BOOKMARK [1][-]{section.2.2}{NAT model}{chapter.2}% 6
\BOOKMARK [1][-]{section.2.3}{Performance testing}{chapter.2}% 7
\BOOKMARK [1][-]{section.2.4}{Data Plane Development Kit}{chapter.2}% 8
\BOOKMARK [0][-]{chapter.3}{Methodology}{}% 9
\BOOKMARK [1][-]{section.3.1}{General Idea}{chapter.3}% 10
\BOOKMARK [2][-]{subsection.3.1.1}{Software}{section.3.1}% 11
\BOOKMARK [1][-]{section.3.2}{Test Methodology}{chapter.3}% 12
\BOOKMARK [2][-]{subsection.3.2.1}{Experimental Setup}{section.3.2}% 13
\BOOKMARK [2][-]{subsection.3.2.2}{MoonGen Traffic Generator}{section.3.2}% 14
\BOOKMARK [2][-]{subsection.3.2.3}{Open VSwitch}{section.3.2}% 15
\BOOKMARK [2][-]{subsection.3.2.4}{mOS}{section.3.2}% 16
\BOOKMARK [0][-]{chapter.4}{Evaluation and Analysis of results}{}% 17
\BOOKMARK [1][-]{section.4.1}{Firewall tests}{chapter.4}% 18
\BOOKMARK [1][-]{section.4.2}{NAT tests}{chapter.4}% 19
\BOOKMARK [0][-]{chapter.5}{Conclusion}{}% 20
\BOOKMARK [1][-]{section.5.1}{Future Works}{chapter.5}% 21
\BOOKMARK [0][-]{appendix*.4}{Bibliography}{}% 22
